<?xml version="1.0" encoding="utf-8" standalone="no"?>
<!--This file represents the results of running a test suite-->
<test-results name="D:\projects\Ants\tutorial\Ants.exe" total="1" errors="1" failures="0" not-run="0" inconclusive="0" ignored="0" skipped="0" invalid="0" date="2011-10-22" time="18:49:56">
  <environment nunit-version="2.5.10.11092" clr-version="2.0.50727.3623" os-version="Microsoft Windows NT 6.0.6001 Service Pack 1" platform="Win32NT" cwd="D:\Programme\NUnit 2.5.10\bin\net-2.0" machine-name="LUPUS-PC" user="Administrator" user-domain="LUPUS-PC" />
  <culture-info current-culture="de-DE" current-uiculture="de-DE" />
  <test-suite type="Assembly" name="D:\projects\Ants\tutorial\Ants.exe" executed="True" result="Failure" success="False" time="0.003" asserts="0">
    <results>
      <test-suite type="Namespace" name="Ants" executed="True" result="Failure" success="False" time="0.003" asserts="0">
        <results>
          <test-suite type="Namespace" name="Tests" executed="True" result="Failure" success="False" time="0.002" asserts="0">
            <results>
              <test-suite type="TestFixture" name="PathfinderTest" executed="True" result="Failure" success="False" time="0.002" asserts="0">
                <results>
                  <test-case name="Ants.Tests.PathfinderTest.SimpleTest" executed="True" result="Error" success="False" time="0.001" asserts="0">
                    <failure>
                      <message><![CDATA[System.NullReferenceException : Der Objektverweis wurde nicht auf eine Objektinstanz festgelegt.]]></message>
                      <stack-trace><![CDATA[bei Ants.Tests.PathfinderTest.SimpleTest() in D:\projects\Ants\Tests\PathfinderTest.cs:Zeile 30.
]]></stack-trace>
                    </failure>
                  </test-case>
                </results>
              </test-suite>
            </results>
          </test-suite>
        </results>
      </test-suite>
    </results>
  </test-suite>
</test-results>